<?xml version="1.0" encoding="UTF-8"?>
<!-- Generated by org.testng.reporters.JUnitReportReporter -->
<testsuite hostname="VDSLDC00876" failures="0" tests="20" name="SignIn_Flow_Automation.DataDrivernFromExcel" time="9.451" errors="0" timestamp="2024-10-06T05:40:05 EDT" skipped="0">
  <testcase classname="SignIn_Flow_Automation.DataDrivernFromExcel" name="PrintExcelData" time="0.194"/>
  <testcase classname="SignIn_Flow_Automation.DataDrivernFromExcel" name="PrintExcelData" time="0.277"/>
  <testcase classname="SignIn_Flow_Automation.DataDrivernFromExcel" name="PrintExcelData" time="0.211"/>
  <testcase classname="SignIn_Flow_Automation.DataDrivernFromExcel" name="PrintExcelData" time="0.190"/>
  <testcase classname="SignIn_Flow_Automation.DataDrivernFromExcel" name="PrintExcelData" time="0.202"/>
  <testcase classname="SignIn_Flow_Automation.DataDrivernFromExcel" name="PrintExcelData" time="0.201"/>
  <testcase classname="SignIn_Flow_Automation.DataDrivernFromExcel" name="PrintExcelData" time="2.961"/>
  <testcase classname="SignIn_Flow_Automation.DataDrivernFromExcel" name="PrintExcelData" time="0.198"/>
  <testcase classname="SignIn_Flow_Automation.DataDrivernFromExcel" name="PrintExcelData" time="0.185"/>
  <testcase classname="SignIn_Flow_Automation.DataDrivernFromExcel" name="PrintExcelData" time="0.228"/>
  <testcase classname="SignIn_Flow_Automation.DataDrivernFromExcel" name="PrintExcelData" time="2.787"/>
  <testcase classname="SignIn_Flow_Automation.DataDrivernFromExcel" name="PrintExcelData" time="0.189"/>
  <testcase classname="SignIn_Flow_Automation.DataDrivernFromExcel" name="PrintExcelData" time="0.171"/>
  <testcase classname="SignIn_Flow_Automation.DataDrivernFromExcel" name="PrintExcelData" time="0.318"/>
  <testcase classname="SignIn_Flow_Automation.DataDrivernFromExcel" name="PrintExcelData" time="0.188"/>
  <testcase classname="SignIn_Flow_Automation.DataDrivernFromExcel" name="PrintExcelData" time="0.188"/>
  <testcase classname="SignIn_Flow_Automation.DataDrivernFromExcel" name="PrintExcelData" time="0.169"/>
  <testcase classname="SignIn_Flow_Automation.DataDrivernFromExcel" name="PrintExcelData" time="0.196"/>
  <testcase classname="SignIn_Flow_Automation.DataDrivernFromExcel" name="PrintExcelData" time="0.192"/>
  <testcase classname="SignIn_Flow_Automation.DataDrivernFromExcel" name="PrintExcelData" time="0.206"/>
</testsuite> <!-- SignIn_Flow_Automation.DataDrivernFromExcel -->
