<?xml version="1.0" encoding="UTF-8"?>
<!-- Generated by org.testng.reporters.JUnitReportReporter -->
<testsuite hostname="VDSLDC00876" failures="0" tests="20" name="SignIn_Flow_Automation.DataDrivernFromExcel" time="14.761" errors="0" timestamp="2024-10-03T13:11:25 EDT" skipped="0">
  <testcase classname="SignIn_Flow_Automation.DataDrivernFromExcel" name="PrintExcelData" time="0.188"/>
  <testcase classname="SignIn_Flow_Automation.DataDrivernFromExcel" name="PrintExcelData" time="0.260"/>
  <testcase classname="SignIn_Flow_Automation.DataDrivernFromExcel" name="PrintExcelData" time="0.161"/>
  <testcase classname="SignIn_Flow_Automation.DataDrivernFromExcel" name="PrintExcelData" time="10.677"/>
  <testcase classname="SignIn_Flow_Automation.DataDrivernFromExcel" name="PrintExcelData" time="0.194"/>
  <testcase classname="SignIn_Flow_Automation.DataDrivernFromExcel" name="PrintExcelData" time="0.257"/>
  <testcase classname="SignIn_Flow_Automation.DataDrivernFromExcel" name="PrintExcelData" time="0.220"/>
  <testcase classname="SignIn_Flow_Automation.DataDrivernFromExcel" name="PrintExcelData" time="0.178"/>
  <testcase classname="SignIn_Flow_Automation.DataDrivernFromExcel" name="PrintExcelData" time="0.188"/>
  <testcase classname="SignIn_Flow_Automation.DataDrivernFromExcel" name="PrintExcelData" time="0.223"/>
  <testcase classname="SignIn_Flow_Automation.DataDrivernFromExcel" name="PrintExcelData" time="0.202"/>
  <testcase classname="SignIn_Flow_Automation.DataDrivernFromExcel" name="PrintExcelData" time="0.203"/>
  <testcase classname="SignIn_Flow_Automation.DataDrivernFromExcel" name="PrintExcelData" time="0.167"/>
  <testcase classname="SignIn_Flow_Automation.DataDrivernFromExcel" name="PrintExcelData" time="0.227"/>
  <testcase classname="SignIn_Flow_Automation.DataDrivernFromExcel" name="PrintExcelData" time="0.217"/>
  <testcase classname="SignIn_Flow_Automation.DataDrivernFromExcel" name="PrintExcelData" time="0.307"/>
  <testcase classname="SignIn_Flow_Automation.DataDrivernFromExcel" name="PrintExcelData" time="0.290"/>
  <testcase classname="SignIn_Flow_Automation.DataDrivernFromExcel" name="PrintExcelData" time="0.192"/>
  <testcase classname="SignIn_Flow_Automation.DataDrivernFromExcel" name="PrintExcelData" time="0.183"/>
  <testcase classname="SignIn_Flow_Automation.DataDrivernFromExcel" name="PrintExcelData" time="0.227"/>
</testsuite> <!-- SignIn_Flow_Automation.DataDrivernFromExcel -->
