<?xml version="1.0" encoding="UTF-8"?>
<!-- Generated by org.testng.reporters.JUnitReportReporter -->
<testsuite hostname="VDSLDC00876" failures="0" tests="2" name="SignIn_Flow_Automation.SAI_NAC_Flow" time="42.392" errors="0" timestamp="2024-10-06T05:40:05 EDT" skipped="0">
  <testcase classname="SignIn_Flow_Automation.SAI_NAC_Flow" name="Serviceability" time="9.117"/>
  <testcase classname="SignIn_Flow_Automation.SAI_NAC_Flow" name="ShopInternet" time="33.275"/>
</testsuite> <!-- SignIn_Flow_Automation.SAI_NAC_Flow -->
