<?xml version="1.0" encoding="UTF-8"?>
<!-- Generated by org.testng.reporters.JUnitReportReporter -->
<testsuite hostname="VDSLDC00876" failures="0" tests="2" name="SignIn_Flow_Automation.SAI_NAC_Flow" time="39.929" errors="0" timestamp="2024-10-03T13:11:25 EDT" skipped="0">
  <testcase classname="SignIn_Flow_Automation.SAI_NAC_Flow" name="ShopInternet" time="30.926"/>
  <testcase classname="SignIn_Flow_Automation.SAI_NAC_Flow" name="Serviceability" time="9.003"/>
</testsuite> <!-- SignIn_Flow_Automation.SAI_NAC_Flow -->
